2017-10-18 02:16:11,414 - Dummy-1(1) - ima/System - INFO - start initializing of iMA Mediator
2017-10-18 02:16:11,470 - Dummy-1(1) - ima/System - INFO - iMA Mediator has was initialized successfully
2017-10-18 02:17:13,889 - Dummy-1(1) - ima/System - INFO - start initializing of iMA Mediator
2017-10-18 02:21:36,427 - Dummy-1(1) - ima/System - INFO - start initializing of iMA Mediator
2017-10-18 02:26:00,458 - Dummy-1(1) - ima/mediator.dispatch.actions.CreateDesignPointCommand - 202017-10-18 02:27:01,702 - Dummy-1(1) - ima/mediator.WBClient - ERROR - [Errno 10057] A request to send or receive data was disallowed because the socket is not connected2017-10-18 02:31:15,599 - Dummy-1(1) - ima/mediator.dispatch.Dispatcher - INFO - dispa2017-10-18 02:32:08,183 - Dummy-1(1) - ima/mediator.WBClient - ERROR - [Errno 10057] A request to send or receive data was disallowed because the socket is not connected and (when sending on a datagram socket using a sendto call) no address was supplied
r - INFO - releasing the resources...
2017-10-18 02:32:08,183 - Dummy-1(1) - mediator.Mediator - ERROR - error durind closing a socket <socket object, fd=5676, family=2, type=1, protocol=0>
ctions.CreateDesignPointCommand - DEBUG - updating design point: /Parameters/DesignPoint:1...
2017-10-18 02:27:00,029 - Dummy-1(1) - ima/mediator.dispatch.actions.CreateDesignPointCommand - DEBUG - design point /Parameters/DesignPoint:1 has been updated, backgrounds session: None
2017-10-18 02:31:15,740 - Dummy-1(1) - ima/mediator.dispatch.actions.CreateDesignPointCommand - DEBUG - configuring a new designPoint: /Parameters/DesignPoint:1
2017-10-18 02:31:15,755 - Dummy-1(1) - ima/mediator.dispatch.actions.CreateDesignPointCommand - DEBUG - parameter: Ferma_B(P1), value: 62
2017-10-18 02:31:15,771 - Dummy-1(1) - ima/mediator.dispatch.actions.CreateDesignPointCommand - DEBUG - parameter: Ferma_H(P2), value: 30
2017-10-18 02:31:15,771 - Dummy-1(1) - ima/mediator.dispatch.actions.CreateDesignPointCommand - DEBUG - parameter: CircularTube_Ri(P3), value: 1.42
2017-10-18 02:31:15,802 - Dummy-1(1) - ima/mediator.dispatch.actions.CreateDesignPointCommand - DEBUG - parameter: CircularTube_Ro(P4), value: 1.52
2017-10-18 02:31:15,802 - Dummy-1(1) - ima/mediator.dispatch.actions.CreateDesignPointCommand - DEBUG - updating design point: /Parameters/DesignPoint:1...
2017-10-18 02:32:06,999 - Dummy-1(1) - ima/mediator.dispatch.actions.CreateDesignPointCommand - DEBUG - design point /Parameters/DesignPoint:1 has been updated, backgrounds session: None
2017-10-18 02:35:05,344 - Dummy-1(1) - ima/System - INFO - start initializing of iMA Mediator
2017-10-18 02:35:57,023 - Dummy-1(1) - ima/mediator.dispatch.actions.CreateDesignPointCommand - 202017-10-18 02:36:50,054 - Dummy-1(1) - ima/mediator.WBClient - ERROR - global name 'e' is not defined

2017-10-18 02:36:50,039 - Dummy-1(1) - mediator.Mediator - INFO - response: {"payload": {"parameters": [{"expression": null, "minValue": -1.7976931348623099e+308, "displayText": "Total Deformation Maximum", "name": "P6", "value": 1.6592864724712634e-17, "unit": "m", "maxValue": 1.7976931348623099e+308}], "designPoint": {"displayText": "DP 1", "name": "1"}}}
Tube_Ri(P3), value: 1.42
2017-10-18 02:35:58,076 - Dummy-1(1) - ima/mediator.dispatch.actions.CreateDesignPointCommand - DEBUG - parameter: CircularTube_Ro(P4), value: 1.51
2017-10-18 02:35:58,076 - Dummy-1(1) - ima/mediator.dispatch.actions.CreateDesignPointCommand - DEBUG - updating design point: /Parameters/DesignPoint:1...
2017-10-18 02:36:49,836 - Dummy-1(1) - ima/mediator.dispatch.actions.CreateDesignPointCommand - DEBUG - design point /Parameters/DesignPoint:1 has been updated, backgrounds session: None
2017-10-18 02:43:24,394 - Dummy-1(1) - ima/System - INFO - start initializing of iMA Mediator
2017-10-18 02:43:30,957 - Dummy-1(1) - ima/mediator.dispatch.actions.CreateDesignPointCommand - 2017-10-18 02:44:17,310 - Dummy-1(1) - mediator.Mediator - INFO - opening a socket to localhost:50006...
2017-10-18 02:44:17,336 - Dummy-1(1) - mediator.Mediator - INFO - response: {"payload": {"parameters": [{"expression": null, "minValue": -1.7976931348623099e+308, "displayText": "Total Deformation Maximum", "name": "P6", "value": 1.6592864724712634e-17, "unit": "m", "maxValue": 1.7976931348623099e+308}], "designPoint": {"displayText": "DP 1", "name": "1"}}}
2017-10-18 02:44:17,341 - Dummy-1(1) - mediator.Mediator - INFO - releasing the resources...
2017-10-18 02:44:17,346 - Dummy-1(1) - mediator.Mediator - ERROR - error during sending response: {"payload": {"parameters": [{"expression": null, "minValue": -1.7976931348623099e+308, "displayText": "Total Deformation Maximum", "name": "P6", "value": 1.6592864724712634e-17, "unit": "m", "maxValue": 1.7976931348623099e+308}], "designPoint": {"displayText": "DP 1", "name": "1"}}}. error details: global name 'os' is not defined
2017-10-18 02:46:20,379 - Dummy-1(1) - ima/System - INFO - start initializing of iMA Mediator
2017-10-18 02:46:27,866 - Dummy-1(1) - ima/mediator.dispatch.actions.CreateDesignPointCommand - 2017-10-18 02:47:14,419 - Dummy-1(1) - mediator.Mediator - INFO - opening a socket to localhost:50007...
2017-10-18 02:47:14,434 - Dummy-1(1) - mediator.Mediator - INFO - response: {"payload": {"parameters": [{"expression": null, "minValue": -1.7976931348623099e+308, "displayText": "Total Deformation Maximum", "name": "P6", "value": 1.6592864724712634e-17, "unit": "m", "maxValue": 1.7976931348623099e+308}], "designPoint": {"displayText": "DP 1", "name": "1"}}}
2017-10-18 02:47:14,450 - Dummy-1(1) - mediator.Mediator - INFO - releasing the resources...
2017-10-18 02:47:14,450 - Dummy-1(1) - mediator.Mediator - ERROR - error during sending response: {"payload": {"parameters": [{"expression": null, "minValue": -1.7976931348623099e+308, "displayText": "Total Deformation Maximum", "name": "P6", "value": 1.6592864724712634e-17, "unit": "m", "maxValue": 1.7976931348623099e+308}], "designPoint": {"displayText": "DP 1", "name": "1"}}}. error details: global name 'os' is not defined
2017-10-18 02:49:42,670 - Dummy-1(1) - ima/System - INFO - start initializing of iMA Mediator
2017-10-18 02:49:46,561 - Dummy-1(1) - ima/mediator.dispatch.actions.CreateDesignPointCommand - 2017-10-18 02:50:38,604 - Dummy-1(1) - mediator.Mediator - INFO - opening a socket to localhost:50001...
2017-10-18 02:50:38,620 - Dummy-1(1) - mediator.Mediator - INFO - response: {"payload": {"parameters": [{"expression": null, "minValue": -1.7976931348623099e+308, "displayText": "Total Deformation Maximum", "name": "P6", "value": 1.6592864724712634e-17, "unit": "m", "maxValue": 1.7976931348623099e+308}], "designPoint": {"displayText": "DP 1", "name": "1"}}}
2017-10-18 02:50:38,620 - Dummy-1(1) - mediator.Mediator - INFO - releasing the resources...
2017-10-18 02:50:38,667 - Dummy-1(1) - mediator.Mediator - ERROR - error during sending response: {"payload": {"parameters": [{"expression": null, "minValue": -1.7976931348623099e+308, "displayText": "Total Deformation Maximum", "name": "P6", "value": 1.6592864724712634e-17, "unit": "m", "maxValue": 1.7976931348623099e+308}], "designPoint": {"displayText": "DP 1", "name": "1"}}}. error details: global name 'os' is not defined
